# JRE version: Java(TM) SE Runtime Environment (15.0.1+9) (build 15.0.1+9-18)
# Java VM: Java HotSpot(TM) 64-Bit Server VM (15.0.1+9-18, mixed mode, sharing, tiered, compressed oops, g1 gc, windows-amd64)
GC Precious Log:
 CPUs: 8 total, 8 available
 Memory: 7123M
 Large Page Support: Disabled
 NUMA Support: Disabled
 Compressed Oops: Enabled (32-bit)
 Heap Region Size: 1M
 Heap Min Capacity: 8M
 Heap Initial Capacity: 112M
 Heap Max Capacity: 1782M
 Pre-touch: Disabled
 Parallel Workers: 8
 Concurrent Workers: 2
 Concurrent Refinement Workers: 8
 Periodic GC: Disabled
Heap:
 garbage-first heap   total 396288K, used 235744K [0x0000000090a00000, 0x0000000100000000)
  region size 1024K, 5 young (5120K), 1 survivors (1024K)
 Metaspace       used 16542K, capacity 17547K, committed 17664K, reserved 1064960K
  class space    used 2133K, capacity 2302K, committed 2304K, reserved 1048576K
GC Heap History (20 events):
Event: 29.461 GC heap before
{Heap before GC invocations=70 (full 0):
 garbage-first heap   total 296960K, used 177896K [0x0000000090a00000, 0x0000000100000000)
  region size 1024K, 4 young (4096K), 1 survivors (1024K)
 Metaspace       used 16539K, capacity 17547K, committed 17664K, reserved 1064960K
  class space    used 2133K, capacity 2302K, committed 2304K, reserved 1048576K
}
Event: 29.465 GC heap after
{Heap after GC invocations=71 (full 0):
 garbage-first heap   total 296960K, used 175888K [0x0000000090a00000, 0x0000000100000000)
  region size 1024K, 1 young (1024K), 1 survivors (1024K)
 Metaspace       used 16539K, capacity 17547K, committed 17664K, reserved 1064960K
  class space    used 2133K, capacity 2302K, committed 2304K, reserved 1048576K
}
Event: 29.658 GC heap before
{Heap before GC invocations=72 (full 0):
 garbage-first heap   total 307200K, used 189200K [0x0000000090a00000, 0x0000000100000000)
  region size 1024K, 5 young (5120K), 1 survivors (1024K)
 Metaspace       used 16539K, capacity 17547K, committed 17664K, reserved 1064960K
  class space    used 2133K, capacity 2302K, committed 2304K, reserved 1048576K
}
Event: 29.662 GC heap after
{Heap after GC invocations=73 (full 0):
 garbage-first heap   total 307200K, used 186217K [0x0000000090a00000, 0x0000000100000000)
  region size 1024K, 1 young (1024K), 1 survivors (1024K)
 Metaspace       used 16539K, capacity 17547K, committed 17664K, reserved 1064960K
  class space    used 2133K, capacity 2302K, committed 2304K, reserved 1048576K
}
Event: 29.868 GC heap before
{Heap before GC invocations=74 (full 0):
 garbage-first heap   total 324608K, used 195433K [0x0000000090a00000, 0x0000000100000000)
  region size 1024K, 6 young (6144K), 1 survivors (1024K)
 Metaspace       used 16539K, capacity 17547K, committed 17664K, reserved 1064960K
  class space    used 2133K, capacity 2302K, committed 2304K, reserved 1048576K
}
Event: 29.871 GC heap after
{Heap after GC invocations=75 (full 0):
 garbage-first heap   total 324608K, used 191396K [0x0000000090a00000, 0x0000000100000000)
  region size 1024K, 1 young (1024K), 1 survivors (1024K)
 Metaspace       used 16539K, capacity 17547K, committed 17664K, reserved 1064960K
  class space    used 2133K, capacity 2302K, committed 2304K, reserved 1048576K
}
Event: 29.997 GC heap before
{Heap before GC invocations=76 (full 0):
 garbage-first heap   total 331776K, used 198564K [0x0000000090a00000, 0x0000000100000000)
  region size 1024K, 4 young (4096K), 1 survivors (1024K)
 Metaspace       used 16542K, capacity 17547K, committed 17664K, reserved 1064960K
  class space    used 2133K, capacity 2302K, committed 2304K, reserved 1048576K
}
Event: 29.999 GC heap after
{Heap after GC invocations=77 (full 0):
 garbage-first heap   total 331776K, used 196550K [0x0000000090a00000, 0x0000000100000000)
  region size 1024K, 1 young (1024K), 1 survivors (1024K)
 Metaspace       used 16542K, capacity 17547K, committed 17664K, reserved 1064960K
  class space    used 2133K, capacity 2302K, committed 2304K, reserved 1048576K
}
Event: 30.099 GC heap before
{Heap before GC invocations=78 (full 0):
 garbage-first heap   total 342016K, used 203718K [0x0000000090a00000, 0x0000000100000000)
  region size 1024K, 4 young (4096K), 1 survivors (1024K)
 Metaspace       used 16542K, capacity 17547K, committed 17664K, reserved 1064960K
  class space    used 2133K, capacity 2302K, committed 2304K, reserved 1048576K
}
Event: 30.103 GC heap after
{Heap after GC invocations=79 (full 0):
 garbage-first heap   total 342016K, used 201719K [0x0000000090a00000, 0x0000000100000000)
  region size 1024K, 1 young (1024K), 1 survivors (1024K)
 Metaspace       used 16542K, capacity 17547K, committed 17664K, reserved 1064960K
  class space    used 2133K, capacity 2302K, committed 2304K, reserved 1048576K
}
Event: 30.214 GC heap before
{Heap before GC invocations=80 (full 0):
 garbage-first heap   total 350208K, used 208887K [0x0000000090a00000, 0x0000000100000000)
  region size 1024K, 4 young (4096K), 1 survivors (1024K)
 Metaspace       used 16542K, capacity 17547K, committed 17664K, reserved 1064960K
  class space    used 2133K, capacity 2302K, committed 2304K, reserved 1048576K
}
Event: 30.217 GC heap after
{Heap after GC invocations=81 (full 0):
 garbage-first heap   total 350208K, used 206887K [0x0000000090a00000, 0x0000000100000000)
  region size 1024K, 1 young (1024K), 1 survivors (1024K)
 Metaspace       used 16542K, capacity 17547K, committed 17664K, reserved 1064960K
  class space    used 2133K, capacity 2302K, committed 2304K, reserved 1048576K
}
Event: 30.317 GC heap before
{Heap before GC invocations=82 (full 0):
 garbage-first heap   total 358400K, used 214055K [0x0000000090a00000, 0x0000000100000000)
  region size 1024K, 4 young (4096K), 1 survivors (1024K)
 Metaspace       used 16542K, capacity 17547K, committed 17664K, reserved 1064960K
  class space    used 2133K, capacity 2302K, committed 2304K, reserved 1048576K
}
Event: 30.319 GC heap after
{Heap after GC invocations=83 (full 0):
 garbage-first heap   total 358400K, used 212046K [0x0000000090a00000, 0x0000000100000000)
  region size 1024K, 1 young (1024K), 1 survivors (1024K)
 Metaspace       used 16542K, capacity 17547K, committed 17664K, reserved 1064960K
  class space    used 2133K, capacity 2302K, committed 2304K, reserved 1048576K
}
Event: 30.449 GC heap before
{Heap before GC invocations=84 (full 0):
 garbage-first heap   total 365568K, used 219214K [0x0000000090a00000, 0x0000000100000000)
  region size 1024K, 4 young (4096K), 1 survivors (1024K)
 Metaspace       used 16542K, capacity 17547K, committed 17664K, reserved 1064960K
  class space    used 2133K, capacity 2302K, committed 2304K, reserved 1048576K
}
Event: 30.452 GC heap after
{Heap after GC invocations=85 (full 0):
 garbage-first heap   total 365568K, used 217221K [0x0000000090a00000, 0x0000000100000000)
  region size 1024K, 1 young (1024K), 1 survivors (1024K)
 Metaspace       used 16542K, capacity 17547K, committed 17664K, reserved 1064960K
  class space    used 2133K, capacity 2302K, committed 2304K, reserved 1048576K
}
Event: 30.577 GC heap before
{Heap before GC invocations=86 (full 0):
 garbage-first heap   total 373760K, used 223365K [0x0000000090a00000, 0x0000000100000000)
  region size 1024K, 3 young (3072K), 1 survivors (1024K)
 Metaspace       used 16542K, capacity 17547K, committed 17664K, reserved 1064960K
  class space    used 2133K, capacity 2302K, committed 2304K, reserved 1048576K
}
Event: 30.579 GC heap after
{Heap after GC invocations=87 (full 0):
 garbage-first heap   total 373760K, used 222384K [0x0000000090a00000, 0x0000000100000000)
  region size 1024K, 1 young (1024K), 1 survivors (1024K)
 Metaspace       used 16542K, capacity 17547K, committed 17664K, reserved 1064960K
  class space    used 2133K, capacity 2302K, committed 2304K, reserved 1048576K
}
Event: 30.759 GC heap before
{Heap before GC invocations=88 (full 0):
 garbage-first heap   total 384000K, used 229552K [0x0000000090a00000, 0x0000000100000000)
  region size 1024K, 4 young (4096K), 1 survivors (1024K)
 Metaspace       used 16542K, capacity 17547K, committed 17664K, reserved 1064960K
  class space    used 2133K, capacity 2302K, committed 2304K, reserved 1048576K
}
Event: 30.762 GC heap after
{Heap after GC invocations=89 (full 0):
 garbage-first heap   total 384000K, used 227552K [0x0000000090a00000, 0x0000000100000000)
  region size 1024K, 1 young (1024K), 1 survivors (1024K)
 Metaspace       used 16542K, capacity 17547K, committed 17664K, reserved 1064960K
  class space    used 2133K, capacity 2302K, committed 2304K, reserved 1048576K
}

