# JRE version: Java(TM) SE Runtime Environment (15.0.1+9) (build 15.0.1+9-18)
# Java VM: Java HotSpot(TM) 64-Bit Server VM (15.0.1+9-18, mixed mode, sharing, tiered, compressed oops, g1 gc, windows-amd64)
GC Precious Log:
 CPUs: 8 total, 8 available
 Memory: 7123M
 Large Page Support: Disabled
 NUMA Support: Disabled
 Compressed Oops: Enabled (32-bit)
 Heap Region Size: 1M
 Heap Min Capacity: 8M
 Heap Initial Capacity: 112M
 Heap Max Capacity: 1782M
 Pre-touch: Disabled
 Parallel Workers: 8
 Concurrent Workers: 2
 Concurrent Refinement Workers: 8
 Periodic GC: Disabled
Heap:
 garbage-first heap   total 342016K, used 202212K [0x0000000090a00000, 0x0000000100000000)
  region size 1024K, 3 young (3072K), 1 survivors (1024K)
 Metaspace       used 16541K, capacity 17483K, committed 17664K, reserved 1064960K
  class space    used 2132K, capacity 2302K, committed 2304K, reserved 1048576K
GC Heap History (20 events):
Event: 27.415 GC heap before
{Heap before GC invocations=40 (full 0):
 garbage-first heap   total 280576K, used 157598K [0x0000000090a00000, 0x0000000100000000)
  region size 1024K, 32 young (32768K), 18 survivors (18432K)
 Metaspace       used 16538K, capacity 17483K, committed 17664K, reserved 1064960K
  class space    used 2132K, capacity 2302K, committed 2304K, reserved 1048576K
}
Event: 27.428 GC heap after
{Heap after GC invocations=41 (full 0):
 garbage-first heap   total 280576K, used 144283K [0x0000000090a00000, 0x0000000100000000)
  region size 1024K, 10 young (10240K), 10 survivors (10240K)
 Metaspace       used 16538K, capacity 17483K, committed 17664K, reserved 1064960K
  class space    used 2132K, capacity 2302K, committed 2304K, reserved 1048576K
}
Event: 27.546 GC heap before
{Heap before GC invocations=42 (full 0):
 garbage-first heap   total 280576K, used 151451K [0x0000000090a00000, 0x0000000100000000)
  region size 1024K, 13 young (13312K), 10 survivors (10240K)
 Metaspace       used 16538K, capacity 17483K, committed 17664K, reserved 1064960K
  class space    used 2132K, capacity 2302K, committed 2304K, reserved 1048576K
}
Event: 27.552 GC heap after
{Heap after GC invocations=43 (full 0):
 garbage-first heap   total 280576K, used 149958K [0x0000000090a00000, 0x0000000100000000)
  region size 1024K, 1 young (1024K), 1 survivors (1024K)
 Metaspace       used 16538K, capacity 17483K, committed 17664K, reserved 1064960K
  class space    used 2132K, capacity 2302K, committed 2304K, reserved 1048576K
}
Event: 27.688 GC heap before
{Heap before GC invocations=44 (full 0):
 garbage-first heap   total 280576K, used 157126K [0x0000000090a00000, 0x0000000100000000)
  region size 1024K, 4 young (4096K), 1 survivors (1024K)
 Metaspace       used 16539K, capacity 17483K, committed 17664K, reserved 1064960K
  class space    used 2132K, capacity 2302K, committed 2304K, reserved 1048576K
}
Event: 27.690 GC heap after
{Heap after GC invocations=45 (full 0):
 garbage-first heap   total 280576K, used 154819K [0x0000000090a00000, 0x0000000100000000)
  region size 1024K, 1 young (1024K), 1 survivors (1024K)
 Metaspace       used 16539K, capacity 17483K, committed 17664K, reserved 1064960K
  class space    used 2132K, capacity 2302K, committed 2304K, reserved 1048576K
}
Event: 27.868 GC heap before
{Heap before GC invocations=46 (full 0):
 garbage-first heap   total 280576K, used 163011K [0x0000000090a00000, 0x0000000100000000)
  region size 1024K, 5 young (5120K), 1 survivors (1024K)
 Metaspace       used 16539K, capacity 17483K, committed 17664K, reserved 1064960K
  class space    used 2132K, capacity 2302K, committed 2304K, reserved 1048576K
}
Event: 27.872 GC heap after
{Heap after GC invocations=47 (full 0):
 garbage-first heap   total 280576K, used 159933K [0x0000000090a00000, 0x0000000100000000)
  region size 1024K, 1 young (1024K), 1 survivors (1024K)
 Metaspace       used 16539K, capacity 17483K, committed 17664K, reserved 1064960K
  class space    used 2132K, capacity 2302K, committed 2304K, reserved 1048576K
}
Event: 27.985 GC heap before
{Heap before GC invocations=48 (full 0):
 garbage-first heap   total 281600K, used 167101K [0x0000000090a00000, 0x0000000100000000)
  region size 1024K, 4 young (4096K), 1 survivors (1024K)
 Metaspace       used 16539K, capacity 17483K, committed 17664K, reserved 1064960K
  class space    used 2132K, capacity 2302K, committed 2304K, reserved 1048576K
}
Event: 27.987 GC heap after
{Heap after GC invocations=49 (full 0):
 garbage-first heap   total 281600K, used 165093K [0x0000000090a00000, 0x0000000100000000)
  region size 1024K, 1 young (1024K), 1 survivors (1024K)
 Metaspace       used 16539K, capacity 17483K, committed 17664K, reserved 1064960K
  class space    used 2132K, capacity 2302K, committed 2304K, reserved 1048576K
}
Event: 28.119 GC heap before
{Heap before GC invocations=50 (full 0):
 garbage-first heap   total 290816K, used 172261K [0x0000000090a00000, 0x0000000100000000)
  region size 1024K, 4 young (4096K), 1 survivors (1024K)
 Metaspace       used 16539K, capacity 17483K, committed 17664K, reserved 1064960K
  class space    used 2132K, capacity 2302K, committed 2304K, reserved 1048576K
}
Event: 28.121 GC heap after
{Heap after GC invocations=51 (full 0):
 garbage-first heap   total 290816K, used 170262K [0x0000000090a00000, 0x0000000100000000)
  region size 1024K, 1 young (1024K), 1 survivors (1024K)
 Metaspace       used 16539K, capacity 17483K, committed 17664K, reserved 1064960K
  class space    used 2132K, capacity 2302K, committed 2304K, reserved 1048576K
}
Event: 28.342 GC heap before
{Heap before GC invocations=52 (full 0):
 garbage-first heap   total 299008K, used 178454K [0x0000000090a00000, 0x0000000100000000)
  region size 1024K, 5 young (5120K), 1 survivors (1024K)
 Metaspace       used 16539K, capacity 17483K, committed 17664K, reserved 1064960K
  class space    used 2132K, capacity 2302K, committed 2304K, reserved 1048576K
}
Event: 28.346 GC heap after
{Heap after GC invocations=53 (full 0):
 garbage-first heap   total 299008K, used 175421K [0x0000000090a00000, 0x0000000100000000)
  region size 1024K, 1 young (1024K), 1 survivors (1024K)
 Metaspace       used 16539K, capacity 17483K, committed 17664K, reserved 1064960K
  class space    used 2132K, capacity 2302K, committed 2304K, reserved 1048576K
}
Event: 28.486 GC heap before
{Heap before GC invocations=54 (full 0):
 garbage-first heap   total 307200K, used 183613K [0x0000000090a00000, 0x0000000100000000)
  region size 1024K, 5 young (5120K), 1 survivors (1024K)
 Metaspace       used 16539K, capacity 17483K, committed 17664K, reserved 1064960K
  class space    used 2132K, capacity 2302K, committed 2304K, reserved 1048576K
}
Event: 28.489 GC heap after
{Heap after GC invocations=55 (full 0):
 garbage-first heap   total 307200K, used 180585K [0x0000000090a00000, 0x0000000100000000)
  region size 1024K, 1 young (1024K), 1 survivors (1024K)
 Metaspace       used 16539K, capacity 17483K, committed 17664K, reserved 1064960K
  class space    used 2132K, capacity 2302K, committed 2304K, reserved 1048576K
}
Event: 28.586 GC heap before
{Heap before GC invocations=56 (full 0):
 garbage-first heap   total 314368K, used 186729K [0x0000000090a00000, 0x0000000100000000)
  region size 1024K, 3 young (3072K), 1 survivors (1024K)
 Metaspace       used 16539K, capacity 17483K, committed 17664K, reserved 1064960K
  class space    used 2132K, capacity 2302K, committed 2304K, reserved 1048576K
}
Event: 28.588 GC heap after
{Heap after GC invocations=57 (full 0):
 garbage-first heap   total 314368K, used 185738K [0x0000000090a00000, 0x0000000100000000)
  region size 1024K, 1 young (1024K), 1 survivors (1024K)
 Metaspace       used 16539K, capacity 17483K, committed 17664K, reserved 1064960K
  class space    used 2132K, capacity 2302K, committed 2304K, reserved 1048576K
}
Event: 28.709 GC heap before
{Heap before GC invocations=58 (full 0):
 garbage-first heap   total 322560K, used 192906K [0x0000000090a00000, 0x0000000100000000)
  region size 1024K, 4 young (4096K), 1 survivors (1024K)
 Metaspace       used 16539K, capacity 17483K, committed 17664K, reserved 1064960K
  class space    used 2132K, capacity 2302K, committed 2304K, reserved 1048576K
}
Event: 28.712 GC heap after
{Heap after GC invocations=59 (full 0):
 garbage-first heap   total 322560K, used 190904K [0x0000000090a00000, 0x0000000100000000)
  region size 1024K, 1 young (1024K), 1 survivors (1024K)
 Metaspace       used 16539K, capacity 17483K, committed 17664K, reserved 1064960K
  class space    used 2132K, capacity 2302K, committed 2304K, reserved 1048576K
}

